Py:AthFile           INFO loading cache from [athfile-cache.ascii.gz]...
Py:AthFile           INFO loading cache from [athfile-cache.ascii.gz]... [done]
## opening file [/atlas/local/zengq/PixelCluster/SoshiInDetDxAOD/281411/data15_13TeV.00281411.physics_Main.merge.PIXEL_ZMUMU.f629_m1453._0046.pool.root]...
## importing ROOT...
## importing ROOT... [DONE]
## opening file [OK]
File:/atlas/local/zengq/PixelCluster/SoshiInDetDxAOD/281411/data15_13TeV.00281411.physics_Main.merge.PIXEL_ZMUMU.f629_m1453._0046.pool.root
Size:   845328.864 kb
Nbr Events: 1260

================================================================================
     Mem Size       Disk Size        Size/Evt      MissZip/Mem  items  (X) Container Name (X=Tree|Branch)
================================================================================
     972.617 kb       43.936 kb        0.035 kb        0.000     1260  (T) DataHeader
--------------------------------------------------------------------------------
       0.598 kb        0.107 kb        0.000 kb        0.000        1  (B) TriggerMenu
       0.612 kb        0.110 kb        0.000 kb        0.000        1  (B) CutBookkeepers
       0.627 kb        0.113 kb        0.000 kb        0.000        1  (B) SuspectLumiBlocks
       0.661 kb        0.120 kb        0.000 kb        0.000        1  (B) IncompleteCutBookkeepers
       0.961 kb        0.306 kb        0.000 kb        0.000        1  (T) DataHeader
       0.916 kb        0.352 kb        0.000 kb        0.000        1  (B) ByteStreamMetadata
       1.245 kb        0.454 kb        0.000 kb        0.000        1  (B) _TRIGGER_HLT_HltConfigKeys
       1.473 kb        0.518 kb        0.000 kb        0.000        1  (B) _GLOBAL_BField_Maps
       1.721 kb        0.525 kb        0.000 kb        0.000        1  (B) _TRIGGER_HLT_PrescaleKey
       2.619 kb        0.760 kb        0.001 kb        0.000        1  (B) _TRIGGER_LVL1_Lvl1ConfigKey
       1.938 kb        0.818 kb        0.001 kb        0.000        1  (B) StreamDAOD_IDTRKVALID
       2.481 kb        1.005 kb        0.001 kb        0.000        1  (B) _TagInfo
       2.740 kb        1.225 kb        0.001 kb        0.000        1  (T) DataHeaderForm
       7.335 kb        1.276 kb        0.001 kb        0.000        1  (B) _EXT_DCS_MAGNETS_SENSORDATA
      12.460 kb        1.477 kb        0.001 kb        0.433        1  (B) SuspectLumiBlocksAux.
      25.184 kb        2.288 kb        0.002 kb        0.499        1  (B) IncompleteCutBookkeepersAux.
      23.871 kb        2.334 kb        0.002 kb        0.498        1  (B) CutBookkeepersAux.
      23.519 kb        5.408 kb        0.004 kb        0.000        1  (B) _LAR_LArAffectedRegionInfo
      34.426 kb        6.333 kb        0.005 kb        0.000        1  (B) _TRIGGER_LVL1_Menu
      36.573 kb        6.642 kb        0.005 kb        0.000        1  (B) EventFormat
      63.407 kb        9.158 kb        0.007 kb        0.000        1  (B) _TRIGGER_LVL1_ItemDef
      17.685 kb       14.261 kb        0.011 kb        0.000     1260  (B) EventInfoAuxDyn.LArCollTime_ncellC
      17.685 kb       14.268 kb        0.011 kb        0.000     1260  (B) EventInfoAuxDyn.LArCollTime_ncellA
      16.501 kb       14.300 kb        0.011 kb        0.000     1260  (B) EventInfoAuxDyn.nSCTUA
      16.501 kb       14.300 kb        0.011 kb        0.000     1260  (B) EventInfoAuxDyn.nTRTUA
      16.698 kb       14.489 kb        0.011 kb        0.000     1260  (B) EventInfoAuxDyn.nPixelUA
      16.797 kb       14.584 kb        0.012 kb        0.000     1260  (B) EventInfoAuxDyn.nBlayerUA
      17.093 kb       14.868 kb        0.012 kb        0.000     1260  (B) EventInfoAuxDyn.nSCTBarrelUA
      17.093 kb       14.868 kb        0.012 kb        0.000     1260  (B) EventInfoAuxDyn.nTRTBarrelUA
      17.093 kb       14.868 kb        0.012 kb        0.000     1260  (B) EventInfoAuxDyn.TrtPhaseTime
      17.191 kb       14.963 kb        0.012 kb        0.000     1260  (B) EventInfoAuxDyn.nSCTEndCapAUA
      17.191 kb       14.963 kb        0.012 kb        0.000     1260  (B) EventInfoAuxDyn.nSCTEndCapCUA
      17.191 kb       14.963 kb        0.012 kb        0.000     1260  (B) EventInfoAuxDyn.nTRTEndCapAUA
      17.191 kb       14.963 kb        0.012 kb        0.000     1260  (B) EventInfoAuxDyn.nTRTEndCapCUA
      17.290 kb       15.058 kb        0.012 kb        0.000     1260  (B) EventInfoAuxDyn.nPixelBarrelUA
      35.616 kb       15.060 kb        0.012 kb        0.000     1260  (B) BCM_RDOs
      31.089 kb       15.123 kb        0.012 kb        0.000     1260  (B) TrigConfKeys
      17.389 kb       15.152 kb        0.012 kb        0.000     1260  (B) EventInfoAuxDyn.nPixelEndCapAUA
      17.389 kb       15.152 kb        0.012 kb        0.000     1260  (B) EventInfoAuxDyn.nPixelEndCapCUA
      17.586 kb       15.342 kb        0.012 kb        0.000     1260  (B) EventInfoAuxDyn.LArCollTime_timeA
      17.586 kb       15.342 kb        0.012 kb        0.000     1260  (B) EventInfoAuxDyn.LArCollTime_timeC
      17.783 kb       15.531 kb        0.012 kb        0.000     1260  (B) EventInfoAuxDyn.LArCollTime_energyA
      17.783 kb       15.531 kb        0.012 kb        0.000     1260  (B) EventInfoAuxDyn.LArCollTime_energyC
      40.637 kb       15.912 kb        0.013 kb        0.000     1260  (B) EventInfo
      35.320 kb       16.104 kb        0.013 kb        0.000     1260  (B) Muons
      41.031 kb       16.385 kb        0.013 kb        0.000     1260  (B) xTrigDecision
      41.130 kb       16.386 kb        0.013 kb        0.000     1260  (B) TrigNavigation
      35.715 kb       16.725 kb        0.013 kb        0.000     1260  (B) Electrons
      35.518 kb       16.808 kb        0.013 kb        0.000     1260  (B) TauJets
      36.188 kb       17.968 kb        0.014 kb        0.000     1260  (B) EventInfoAuxDyn.streamTagDets
      36.504 kb       18.036 kb        0.014 kb        0.000     1260  (B) GSFTrackParticles
      36.504 kb       18.067 kb        0.014 kb        0.000     1260  (B) AntiKt4EMTopoJets
      36.307 kb       18.091 kb        0.014 kb        0.000     1260  (B) PrimaryVertices
      41.868 kb       18.393 kb        0.015 kb        0.000     1260  (B) MuonsAuxDyn.CT_EL_Type
      41.868 kb       18.393 kb        0.015 kb        0.000     1260  (B) MuonsAuxDyn.CT_ET_Core
      31.164 kb       18.456 kb        0.015 kb        0.000     1260  (B) ElectronsAuxDyn.Tight
      36.997 kb       18.498 kb        0.015 kb        0.000     1260  (B) BTagging_AntiKt4EMTopo
      36.701 kb       18.596 kb        0.015 kb        0.000     1260  (B) AntiKt2PV0TrackJets
      31.361 kb       18.618 kb        0.015 kb        0.000     1260  (B) ElectronsAuxDyn.LHTight
      31.263 kb       18.623 kb        0.015 kb        0.000     1260  (B) ElectronsAuxDyn.Medium
      31.361 kb       18.664 kb        0.015 kb        0.000     1260  (B) ElectronsAuxDyn.LHLoose
      36.701 kb       18.676 kb        0.015 kb        0.000     1260  (B) AntiKt3PV0TrackJets
      31.460 kb       18.728 kb        0.015 kb        0.000     1260  (B) ElectronsAuxDyn.LHMedium
      31.164 kb       18.746 kb        0.015 kb        0.000     1260  (B) ElectronsAuxDyn.Loose
      36.898 kb       18.775 kb        0.015 kb        0.000     1260  (B) BTagging_AntiKt2Track
      42.460 kb       18.824 kb        0.015 kb        0.000     1260  (B) MuonsAuxDyn.ptconeCorrBitset
      42.460 kb       18.824 kb        0.015 kb        0.000     1260  (B) MuonsAuxDyn.etconeCorrBitset
      36.898 kb       18.846 kb        0.015 kb        0.000     1260  (B) BTagging_AntiKt3Track
      36.307 kb       19.093 kb        0.015 kb        0.000     1260  (B) ElectronsAuxDyn.widths2
      42.657 kb       19.146 kb        0.015 kb        0.000     1260  (B) MuonsAuxDyn.CT_ET_LRLikelihood
      31.756 kb       19.279 kb        0.015 kb        0.000     1260  (B) ElectronsAuxDyn.MultiLepton
      35.813 kb       19.283 kb        0.015 kb        0.000     1260  (B) PixelMSOSs
      42.756 kb       19.432 kb        0.015 kb        0.000     1260  (B) MuonsAuxDyn.FSR_CandidateEnergy
      42.953 kb       19.465 kb        0.015 kb        0.000     1260  (B) MuonsAuxDyn.numEnergyLossPerTrack
      42.854 kb       19.492 kb        0.015 kb        0.000     1260  (B) MuonsAuxDyn.neflowisolCorrBitset
      42.854 kb       19.492 kb        0.015 kb        0.000     1260  (B) MuonsAuxDyn.topoetconeCorrBitset
      36.701 kb       19.599 kb        0.016 kb        0.000     1260  (B) InDetTrackParticles
      39.027 kb       19.707 kb        0.016 kb        0.000     1260  (B) EventInfoAuxDyn.streamTagRobs
      43.249 kb       19.723 kb        0.016 kb        0.000     1260  (B) MuonsAuxDyn.CT_ET_FSRCandidateEnergy
      36.109 kb       19.925 kb        0.016 kb        0.000     1260  (B) PixelClusters
      37.194 kb       20.021 kb        0.016 kb        0.000     1260  (B) ElectronsAuxDyn.ptconeCorrBitset
      36.701 kb       20.091 kb        0.016 kb        0.000     1260  (B) ElectronsAuxDyn.isEMLHLoose
      37.194 kb       20.169 kb        0.016 kb        0.000     1260  (B) ElectronsAuxDyn.etconeCorrBitset
      36.701 kb       20.339 kb        0.016 kb        0.000     1260  (B) ElectronsAuxDyn.isEMLHTight
      36.800 kb       20.454 kb        0.016 kb        0.000     1260  (B) ElectronsAuxDyn.isEMLHMedium
      37.589 kb       20.543 kb        0.016 kb        0.000     1260  (B) ElectronsAuxDyn.neflowisolCorrBitset
      37.589 kb       20.543 kb        0.016 kb        0.000     1260  (B) ElectronsAuxDyn.topoetconeCorrBitset
      41.967 kb       20.603 kb        0.016 kb        0.000     1260  (B) MuonsAuxDyn.ptvarcone20
      41.967 kb       21.352 kb        0.017 kb        0.000     1260  (B) MuonsAuxDyn.ptvarcone30
      46.633 kb       21.482 kb        0.017 kb        0.000     1260  (B) AntiKt4EMTopoJetsAuxDyn.Dip13
      46.633 kb       21.485 kb        0.017 kb        0.000     1260  (B) AntiKt4EMTopoJetsAuxDyn.Dip23
      47.027 kb       21.645 kb        0.017 kb        0.000     1260  (B) AntiKt4EMTopoJetsAuxDyn.InputType
      41.967 kb       21.776 kb        0.017 kb        0.000     1260  (B) MuonsAuxDyn.ptvarcone40
      47.422 kb       22.074 kb        0.018 kb        0.000     1260  (B) AntiKt4EMTopoJetsAuxDyn.AlgorithmType
      47.323 kb       22.227 kb        0.018 kb        0.000     1260  (B) AntiKt4EMTopoJetsAuxDyn.JetGhostArea
      47.619 kb       22.233 kb        0.018 kb        0.000     1260  (B) AntiKt4EMTopoJetsAuxDyn.OriginCorrected
      47.619 kb       22.233 kb        0.018 kb        0.000     1260  (B) AntiKt4EMTopoJetsAuxDyn.PileupCorrected
      47.422 kb       22.361 kb        0.018 kb        0.000     1260  (B) AntiKt4EMTopoJetsAuxDyn.SizeParameter
      36.405 kb       22.378 kb        0.018 kb        0.000     1260  (B) ElectronsAuxDyn.ptcone20
      47.718 kb       22.438 kb        0.018 kb        0.000     1260  (B) AntiKt4EMTopoJetsAuxDyn.ConstituentScale
      36.504 kb       22.582 kb        0.018 kb        0.000     1260  (B) ElectronsAuxDyn.isEMLoose
      63.553 kb       22.611 kb        0.018 kb        0.000     1260  (B) BTagging_AntiKt4EMTopoAuxDyn.SV0_pc
      63.553 kb       22.611 kb        0.018 kb        0.000     1260  (B) BTagging_AntiKt4EMTopoAuxDyn.SV0_pu
      36.701 kb       22.629 kb        0.018 kb        0.000     1260  (B) ElectronsAuxDyn.ptvarcone20
      47.521 kb       22.651 kb        0.018 kb        0.000     1260  (B) BTagging_AntiKt4EMTopoAuxDyn.MSV_nvsec
      47.718 kb       22.891 kb        0.018 kb        0.000     1260  (B) BTagging_AntiKt4EMTopoAuxDyn.MSV_N2Tpair
      48.014 kb       23.015 kb        0.018 kb        0.000     1260  (B) BTagging_AntiKt4EMTopoAuxDyn.JetFitter_nVTX
      47.816 kb       23.023 kb        0.018 kb        0.000     1260  (B) BTagging_AntiKt4EMTopoAuxDyn.SV0_normdist
      46.633 kb       23.046 kb        0.018 kb        0.000     1260  (B) AntiKt4EMTopoJetsAuxDyn.Dip12
      47.816 kb       23.137 kb        0.018 kb        0.000     1260  (B) BTagging_AntiKt4EMTopoAuxDyn.SV1_normdist
      36.405 kb       23.172 kb        0.018 kb        0.000     1260  (B) ElectronsAuxDyn.ptcone30
      37.096 kb       23.211 kb        0.018 kb        0.000     1260  (B) ElectronsAuxDyn.isEMMultiLepton
      48.823 kb       23.229 kb        0.018 kb        0.000     1260  (B) BTagging_AntiKt4EMTopoAuxDyn.SV0_badTracksIP
      48.014 kb       23.234 kb        0.018 kb        0.000     1260  (B) BTagging_AntiKt4EMTopoAuxDyn.JetFitter_ndof
      47.521 kb       23.271 kb        0.018 kb        0.000     1260  (B) AntiKt4EMTopoJetsAuxDyn.IsoDelta2SumPt
      36.701 kb       23.415 kb        0.019 kb        0.000     1260  (B) ElectronsAuxDyn.ptvarcone30
      63.553 kb       23.489 kb        0.019 kb        0.000     1260  (B) BTagging_AntiKt4EMTopoAuxDyn.SV0_pb
      47.816 kb       23.505 kb        0.019 kb        0.000     1260  (B) BTagging_AntiKt4EMTopoAuxDyn.MSV_normdist
      67.951 kb       23.583 kb        0.019 kb        0.000     1260  (B) AntiKt2PV0TrackJetsAuxDyn.InputType
      36.405 kb       23.604 kb        0.019 kb        0.000     1260  (B) ElectronsAuxDyn.ptcone40
      49.616 kb       23.612 kb        0.019 kb        0.000     1260  (B) BTagging_AntiKt4EMTopoAuxDyn.MSV_badTracksIP
      67.557 kb       23.646 kb        0.019 kb        0.000     1260  (B) AntiKt2PV0TrackJetsAuxDyn.Dip12
      67.557 kb       23.646 kb        0.019 kb        0.000     1260  (B) AntiKt2PV0TrackJetsAuxDyn.Dip13
      67.557 kb       23.646 kb        0.019 kb        0.000     1260  (B) AntiKt2PV0TrackJetsAuxDyn.Dip23
      49.808 kb       23.694 kb        0.019 kb        0.000     1260  (B) BTagging_AntiKt4EMTopoAuxDyn.SV1_badTracksIP
      48.408 kb       23.703 kb        0.019 kb        0.000     1260  (B) BTagging_AntiKt4EMTopoAuxDyn.SV1_significance3d
      36.603 kb       23.794 kb        0.019 kb        0.000     1260  (B) ElectronsAuxDyn.isEMMedium
      48.803 kb       23.804 kb        0.019 kb        0.000     1260  (B) BTagging_AntiKt4EMTopoAuxDyn.JetFitter_nTracksAtVtx
     109.252 kb       23.822 kb        0.019 kb        0.000     1260  (B) EventInfoAuxDyn._SCT_BSErr_Ntot
      36.701 kb       23.824 kb        0.019 kb        0.000     1260  (B) ElectronsAuxDyn.ptvarcone40
      48.014 kb       23.922 kb        0.019 kb        0.000     1260  (B) BTagging_AntiKt4EMTopoAuxDyn.JetFitter_chi2
      68.346 kb       23.962 kb        0.019 kb        0.000     1260  (B) AntiKt2PV0TrackJetsAuxDyn.AlgorithmType
      71.600 kb       23.987 kb        0.019 kb        0.000     1260  (B) AntiKt3PV0TrackJetsAuxDyn.InputType
      41.868 kb       24.025 kb        0.019 kb        0.000     1260  (B) MuonsAuxDyn.ET_HECCore
      48.408 kb       24.101 kb        0.019 kb        0.000     1260  (B) BTagging_AntiKt4EMTopoAuxDyn.MSV_energyTrkInJet
      50.469 kb       24.105 kb        0.019 kb        0.000     1260  (B) BTagging_AntiKt4EMTopoAuxDyn.SV0_vertices
      47.718 kb       24.107 kb        0.019 kb        0.000     1260  (B) BTagging_AntiKt4EMTopoAuxDyn.SV0_N2Tpair
      71.205 kb       24.125 kb        0.019 kb        0.000     1260  (B) AntiKt3PV0TrackJetsAuxDyn.Dip12
      71.205 kb       24.125 kb        0.019 kb        0.000     1260  (B) AntiKt3PV0TrackJetsAuxDyn.Dip13
      71.205 kb       24.125 kb        0.019 kb        0.000     1260  (B) AntiKt3PV0TrackJetsAuxDyn.Dip23
      47.718 kb       24.137 kb        0.019 kb        0.000     1260  (B) BTagging_AntiKt4EMTopoAuxDyn.SV1_N2Tpair
      51.016 kb       24.159 kb        0.019 kb        0.000     1260  (B) BTagging_AntiKt4EMTopoAuxDyn.SV1_vertices
      36.011 kb       24.183 kb        0.019 kb        0.000     1260  (B) ElectronsAuxDyn.e033
      47.816 kb       24.191 kb        0.019 kb        0.000     1260  (B) BTagging_AntiKt4EMTopoAuxDyn.SV0_NGTinSvx
      36.011 kb       24.211 kb        0.019 kb        0.000     1260  (B) ElectronsAuxDyn.e011
      47.816 kb       24.233 kb        0.019 kb        0.000     1260  (B) BTagging_AntiKt4EMTopoAuxDyn.SV1_NGTinSvx
      68.642 kb       24.253 kb        0.019 kb        0.000     1260  (B) AntiKt2PV0TrackJetsAuxDyn.ConstituentScale
      48.901 kb       24.270 kb        0.019 kb        0.000     1260  (B) BTagging_AntiKt4EMTopoAuxDyn.JetFitter_nSingleTracks
      68.346 kb       24.275 kb        0.019 kb        0.000     1260  (B) AntiKt2PV0TrackJetsAuxDyn.SizeParameter
      68.247 kb       24.312 kb        0.019 kb        0.000     1260  (B) AntiKt2PV0TrackJetsAuxDyn.JetGhostArea
      47.718 kb       24.314 kb        0.019 kb        0.000     1260  (B) BTagging_AntiKt4EMTopoAuxDyn.SV0_masssvx
      49.938 kb       24.329 kb        0.019 kb        0.000     1260  (B) BTagging_AntiKt4EMTopoAuxDyn.JetFitter_tracksAtPVchi2
      49.839 kb       24.362 kb        0.019 kb        0.000     1260  (B) BTagging_AntiKt4EMTopoAuxDyn.JetFitter_tracksAtPVndf
      71.994 kb       24.371 kb        0.019 kb        0.000     1260  (B) AntiKt3PV0TrackJetsAuxDyn.AlgorithmType
      65.229 kb       24.372 kb        0.019 kb        0.000     1260  (B) BTagging_AntiKt4EMTopoAuxDyn.MultiSVbb2_discriminant
      65.229 kb       24.374 kb        0.019 kb        0.000     1260  (B) BTagging_AntiKt4EMTopoAuxDyn.MultiSVbb1_discriminant
      47.718 kb       24.411 kb        0.019 kb        0.000     1260  (B) BTagging_AntiKt4EMTopoAuxDyn.SV1_masssvx
      47.816 kb       24.412 kb        0.019 kb        0.000     1260  (B) BTagging_AntiKt4EMTopoAuxDyn.SV0_efracsvx
      47.816 kb       24.509 kb        0.019 kb        0.000     1260  (B) BTagging_AntiKt4EMTopoAuxDyn.SV1_efracsvx
      36.504 kb       24.523 kb        0.019 kb        0.000     1260  (B) ElectronsAuxDyn.isEMTight
      47.126 kb       24.602 kb        0.020 kb        0.000     1260  (B) AntiKt4EMTopoJetsAuxDyn.HECQuality
      72.290 kb       24.656 kb        0.020 kb        0.000     1260  (B) AntiKt3PV0TrackJetsAuxDyn.ConstituentScale
      71.994 kb       24.688 kb        0.020 kb        0.000     1260  (B) AntiKt3PV0TrackJetsAuxDyn.SizeParameter
      48.310 kb       24.691 kb        0.020 kb        0.000     1260  (B) BTagging_AntiKt4EMTopoAuxDyn.JetFitter_N2Tpair
      48.211 kb       24.697 kb        0.020 kb        0.000     1260  (B) AntiKt4EMTopoJetsAuxDyn.GhostMuonSegmentCount
      68.346 kb       24.704 kb        0.020 kb        0.000     1260  (B) BTagging_AntiKt2TrackAuxDyn.SV0_N2Tpair
      68.148 kb       24.758 kb        0.020 kb        0.000     1260  (B) BTagging_AntiKt2TrackAuxDyn.MSV_nvsec
      71.896 kb       24.781 kb        0.020 kb        0.000     1260  (B) AntiKt3PV0TrackJetsAuxDyn.JetGhostArea
      68.444 kb       24.783 kb        0.020 kb        0.000     1260  (B) BTagging_AntiKt2TrackAuxDyn.SV0_NGTinSvx
      68.346 kb       24.822 kb        0.020 kb        0.000     1260  (B) BTagging_AntiKt2TrackAuxDyn.SV1_N2Tpair
      68.346 kb       24.854 kb        0.020 kb        0.000     1260  (B) BTagging_AntiKt2TrackAuxDyn.SV0_masssvx
      68.444 kb       24.905 kb        0.020 kb        0.000     1260  (B) BTagging_AntiKt2TrackAuxDyn.SV1_NGTinSvx
      68.444 kb       24.937 kb        0.020 kb        0.000     1260  (B) BTagging_AntiKt2TrackAuxDyn.SV0_efracsvx
      68.346 kb       24.940 kb        0.020 kb        0.000     1260  (B) BTagging_AntiKt2TrackAuxDyn.MSV_N2Tpair
      48.408 kb       25.000 kb        0.020 kb        0.000     1260  (B) BTagging_AntiKt4EMTopoAuxDyn.SV0_energyTrkInJet
      48.605 kb       25.018 kb        0.020 kb        0.000     1260  (B) AntiKt4EMTopoJetsAuxDyn.GhostAntiKt4TrackJetCount
      36.208 kb       25.021 kb        0.020 kb        0.000     1260  (B) ElectronsAuxDyn.poscs1
      36.307 kb       25.029 kb        0.020 kb        0.000     1260  (B) ElectronsAuxDyn.widths1
      68.346 kb       25.042 kb        0.020 kb        0.000     1260  (B) BTagging_AntiKt2TrackAuxDyn.SV1_masssvx
      48.605 kb       25.061 kb        0.020 kb        0.000     1260  (B) BTagging_AntiKt4EMTopoAuxDyn.JetFitter_massUncorr
      36.011 kb       25.063 kb        0.020 kb        0.000     1260  (B) ElectronsAuxDyn.e132
      48.408 kb       25.090 kb        0.020 kb        0.000     1260  (B) BTagging_AntiKt4EMTopoAuxDyn.SV1_energyTrkInJet
      53.887 kb       25.104 kb        0.020 kb        0.000     1260  (B) BTagging_AntiKt4EMTopoAuxDyn.MSV_vertices
      36.109 kb       25.106 kb        0.020 kb        0.000     1260  (B) ElectronsAuxDyn.e2ts1
      68.444 kb       25.125 kb        0.020 kb        0.000     1260  (B) BTagging_AntiKt2TrackAuxDyn.SV1_efracsvx
      48.014 kb       25.126 kb        0.020 kb        0.000     1260  (B) BTagging_AntiKt4EMTopoAuxDyn.JetFitter_mass
      68.444 kb       25.138 kb        0.020 kb        0.000     1260  (B) BTagging_AntiKt2TrackAuxDyn.SV0_normdist
      36.109 kb       25.156 kb        0.020 kb        0.000     1260  (B) ElectronsAuxDyn.e1152
      36.011 kb       25.185 kb        0.020 kb        0.000     1260  (B) ElectronsAuxDyn.e335
      36.011 kb       25.185 kb        0.020 kb        0.000     1260  (B) ElectronsAuxDyn.e377
      71.994 kb       25.191 kb        0.020 kb        0.000     1260  (B) BTagging_AntiKt3TrackAuxDyn.SV0_N2Tpair
      36.011 kb       25.194 kb        0.020 kb        0.000     1260  (B) ElectronsAuxDyn.e337
      36.011 kb       25.195 kb        0.020 kb        0.000     1260  (B) ElectronsAuxDyn.e333
      48.605 kb       25.196 kb        0.020 kb        0.000     1260  (B) AntiKt4EMTopoJetsAuxDyn.GhostAntiKt3TrackJetCount
      36.011 kb       25.200 kb        0.020 kb        0.000     1260  (B) ElectronsAuxDyn.e237
      36.011 kb       25.203 kb        0.020 kb        0.000     1260  (B) ElectronsAuxDyn.e255
      36.011 kb       25.221 kb        0.020 kb        0.000     1260  (B) ElectronsAuxDyn.e235
      36.011 kb       25.222 kb        0.020 kb        0.000     1260  (B) ElectronsAuxDyn.e233
      35.912 kb       25.246 kb        0.020 kb        0.000     1260  (B) ElectronsAuxDyn.pos
      68.642 kb       25.252 kb        0.020 kb        0.000     1260  (B) BTagging_AntiKt2TrackAuxDyn.JetFitter_nVTX
      36.208 kb       25.264 kb        0.020 kb        0.000     1260  (B) ElectronsAuxDyn.emaxs1
      38.378 kb       25.274 kb        0.020 kb        0.000     1260  (B) ElectronsAuxDyn.ptconecoreTrackPtrCorrection
      72.093 kb       25.284 kb        0.020 kb        0.000     1260  (B) BTagging_AntiKt3TrackAuxDyn.SV0_NGTinSvx
      36.011 kb       25.287 kb        0.020 kb        0.000     1260  (B) ElectronsAuxDyn.pos7
      36.208 kb       25.295 kb        0.020 kb        0.000     1260  (B) ElectronsAuxDyn.poscs2
      36.307 kb       25.297 kb        0.020 kb        0.000     1260  (B) ElectronsAuxDyn.e2tsts1
      71.797 kb       25.302 kb        0.020 kb        0.000     1260  (B) BTagging_AntiKt3TrackAuxDyn.MSV_nvsec
      71.994 kb       25.308 kb        0.020 kb        0.000     1260  (B) BTagging_AntiKt3TrackAuxDyn.SV1_N2Tpair
      36.109 kb       25.315 kb        0.020 kb        0.000     1260  (B) ElectronsAuxDyn.ecore
      71.994 kb       25.326 kb        0.020 kb        0.000     1260  (B) BTagging_AntiKt3TrackAuxDyn.SV0_masssvx
      36.208 kb       25.326 kb        0.020 kb        0.000     1260  (B) ElectronsAuxDyn.emins1
      68.444 kb       25.338 kb        0.020 kb        0.000     1260  (B) BTagging_AntiKt2TrackAuxDyn.SV1_normdist
      69.725 kb       25.339 kb        0.020 kb        0.000     1260  (B) BTagging_AntiKt2TrackAuxDyn.SV0_badTracksIP
      36.011 kb       25.340 kb        0.020 kb        0.000     1260  (B) ElectronsAuxDyn.asy1
      48.605 kb       25.356 kb        0.020 kb        0.000     1260  (B) AntiKt4EMTopoJetsAuxDyn.GhostAntiKt2TrackJetCount
      36.208 kb       25.365 kb        0.020 kb        0.000     1260  (B) ElectronsAuxDyn.barys1
      72.093 kb       25.400 kb        0.020 kb        0.000     1260  (B) BTagging_AntiKt3TrackAuxDyn.SV1_NGTinSvx
      72.093 kb       25.402 kb        0.020 kb        0.000     1260  (B) BTagging_AntiKt3TrackAuxDyn.SV0_efracsvx
      36.109 kb       25.487 kb        0.020 kb        0.000     1260  (B) ElectronsAuxDyn.ethad
      36.109 kb       25.491 kb        0.020 kb        0.000     1260  (B) ElectronsAuxDyn.ehad1
      69.036 kb       25.507 kb        0.020 kb        0.000     1260  (B) BTagging_AntiKt2TrackAuxDyn.SV0_energyTrkInJet
      71.994 kb       25.539 kb        0.020 kb        0.000     1260  (B) BTagging_AntiKt3TrackAuxDyn.MSV_N2Tpair
      71.994 kb       25.542 kb        0.020 kb        0.000     1260  (B) BTagging_AntiKt3TrackAuxDyn.SV1_masssvx
      36.208 kb       25.590 kb        0.020 kb        0.000     1260  (B) ElectronsAuxDyn.ethad1
      72.093 kb       25.620 kb        0.020 kb        0.000     1260  (B) BTagging_AntiKt3TrackAuxDyn.SV1_efracsvx
      36.405 kb       25.658 kb        0.020 kb        0.000     1260  (B) ElectronsAuxDyn.etcone40
     105.450 kb       25.660 kb        0.020 kb        0.000     1260  (B) BTagging_AntiKt2TrackAuxDyn.SV0_pc
     105.450 kb       25.660 kb        0.020 kb        0.000     1260  (B) BTagging_AntiKt2TrackAuxDyn.SV0_pu
      72.093 kb       25.684 kb        0.020 kb        0.000     1260  (B) BTagging_AntiKt3TrackAuxDyn.SV0_normdist
      69.036 kb       25.693 kb        0.020 kb        0.000     1260  (B) BTagging_AntiKt2TrackAuxDyn.SV1_energyTrkInJet
      36.405 kb       25.695 kb        0.020 kb        0.000     1260  (B) ElectronsAuxDyn.etcone20
      36.405 kb       25.696 kb        0.020 kb        0.000     1260  (B) ElectronsAuxDyn.etcone30
      68.444 kb       25.699 kb        0.020 kb        0.000     1260  (B) BTagging_AntiKt2TrackAuxDyn.MSV_normdist
      36.307 kb       25.723 kb        0.020 kb        0.000     1260  (B) ElectronsAuxDyn.LHValue
      72.290 kb       25.781 kb        0.020 kb        0.000     1260  (B) BTagging_AntiKt3TrackAuxDyn.JetFitter_nVTX
      49.000 kb       25.830 kb        0.021 kb        0.000     1260  (B) BTagging_AntiKt4EMTopoAuxDyn.JetFitter_energyFraction
      73.428 kb       25.838 kb        0.021 kb        0.000     1260  (B) BTagging_AntiKt3TrackAuxDyn.SV0_badTracksIP
      72.093 kb       25.907 kb        0.021 kb        0.000     1260  (B) BTagging_AntiKt3TrackAuxDyn.SV1_normdist
      69.036 kb       25.912 kb        0.021 kb        0.000     1260  (B) BTagging_AntiKt2TrackAuxDyn.SV1_significance3d
      56.760 kb       25.972 kb        0.021 kb        0.000     1260  (B) BTagging_AntiKt4EMTopoAuxDyn.SV0_TrackParticleLinks
      72.685 kb       25.978 kb        0.021 kb        0.000     1260  (B) BTagging_AntiKt3TrackAuxDyn.SV0_energyTrkInJet
      49.000 kb       26.012 kb        0.021 kb        0.000     1260  (B) BTagging_AntiKt4EMTopoAuxDyn.JetFitter_significance3d
      36.800 kb       26.015 kb        0.021 kb        0.000     1260  (B) ElectronsAuxDyn.neflowisol20
      69.431 kb       26.062 kb        0.021 kb        0.000     1260  (B) BTagging_AntiKt2TrackAuxDyn.JetFitter_nTracksAtVtx
      71.229 kb       26.063 kb        0.021 kb        0.000     1260  (B) BTagging_AntiKt2TrackAuxDyn.MSV_badTracksIP
      36.800 kb       26.098 kb        0.021 kb        0.000     1260  (B) ElectronsAuxDyn.neflowisol40
      36.800 kb       26.099 kb        0.021 kb        0.000     1260  (B) ElectronsAuxDyn.topoetcone40
      36.800 kb       26.101 kb        0.021 kb        0.000     1260  (B) ElectronsAuxDyn.topoetcone30
      36.800 kb       26.109 kb        0.021 kb        0.000     1260  (B) ElectronsAuxDyn.neflowisol30
      36.800 kb       26.130 kb        0.021 kb        0.000     1260  (B) ElectronsAuxDyn.topoetcone20
      71.393 kb       26.139 kb        0.021 kb        0.000     1260  (B) BTagging_AntiKt2TrackAuxDyn.SV1_badTracksIP
      68.642 kb       26.167 kb        0.021 kb        0.000     1260  (B) BTagging_AntiKt2TrackAuxDyn.JetFitter_ndof
      72.685 kb       26.202 kb        0.021 kb        0.000     1260  (B) BTagging_AntiKt3TrackAuxDyn.SV1_energyTrkInJet
      58.373 kb       26.293 kb        0.021 kb        0.000     1260  (B) BTagging_AntiKt4EMTopoAuxDyn.SV1_TrackParticleLinks
      71.479 kb       26.315 kb        0.021 kb        0.000     1260  (B) BTagging_AntiKt2TrackAuxDyn.SV0_vertices
      69.036 kb       26.343 kb        0.021 kb        0.000     1260  (B) BTagging_AntiKt2TrackAuxDyn.MSV_energyTrkInJet
      37.194 kb       26.367 kb        0.021 kb        0.000     1260  (B) ElectronsAuxDyn.r33over37allcalo
      72.093 kb       26.407 kb        0.021 kb        0.000     1260  (B) BTagging_AntiKt3TrackAuxDyn.MSV_normdist
      72.685 kb       26.473 kb        0.021 kb        0.000     1260  (B) BTagging_AntiKt3TrackAuxDyn.SV1_significance3d
      48.112 kb       26.533 kb        0.021 kb        0.000     1260  (B) AntiKt4EMTopoJetsAuxDyn.FracSamplingMaxIndex
      74.932 kb       26.534 kb        0.021 kb        0.000     1260  (B) BTagging_AntiKt3TrackAuxDyn.MSV_badTracksIP
      72.437 kb       26.542 kb        0.021 kb        0.000     1260  (B) BTagging_AntiKt2TrackAuxDyn.SV1_vertices
      73.079 kb       26.595 kb        0.021 kb        0.000     1260  (B) BTagging_AntiKt3TrackAuxDyn.JetFitter_nTracksAtVtx
      37.589 kb       26.659 kb        0.021 kb        0.000     1260  (B) ElectronsAuxDyn.etcone20ptCorrection
      37.589 kb       26.660 kb        0.021 kb        0.000     1260  (B) ElectronsAuxDyn.etcone30ptCorrection
      37.589 kb       26.676 kb        0.021 kb        0.000     1260  (B) ElectronsAuxDyn.etcone40ptCorrection
      75.369 kb       26.734 kb        0.021 kb        0.000     1260  (B) BTagging_AntiKt3TrackAuxDyn.SV1_badTracksIP
      72.290 kb       26.743 kb        0.021 kb        0.000     1260  (B) BTagging_AntiKt3TrackAuxDyn.JetFitter_ndof
     105.450 kb       26.747 kb        0.021 kb        0.000     1260  (B) BTagging_AntiKt2TrackAuxDyn.SV0_pb
      67.458 kb       26.829 kb        0.021 kb        0.000     1260  (B) AntiKt2PV0TrackJetsAuxDyn.Tau3
      47.619 kb       26.857 kb        0.021 kb        0.000     1260  (B) AntiKt4EMTopoJetsAuxDyn.GhostTrackCount
      67.951 kb       26.881 kb        0.021 kb        0.000     1260  (B) AntiKt2PV0TrackJetsAuxDyn.ThrustMaj
      75.565 kb       26.899 kb        0.021 kb        0.000     1260  (B) BTagging_AntiKt3TrackAuxDyn.SV0_vertices
      67.951 kb       26.979 kb        0.021 kb        0.000     1260  (B) AntiKt2PV0TrackJetsAuxDyn.ThrustMin
      67.655 kb       27.019 kb        0.021 kb        0.000     1260  (B) AntiKt2PV0TrackJetsAuxDyn.ZCut34
      48.408 kb       27.038 kb        0.021 kb        0.000     1260  (B) BTagging_AntiKt4EMTopoAuxDyn.JetFitter_deltaphi
      37.983 kb       27.040 kb        0.021 kb        0.000     1260  (B) ElectronsAuxDyn.neflowisol30ptCorrection
      37.983 kb       27.043 kb        0.021 kb        0.000     1260  (B) ElectronsAuxDyn.neflowisol20ptCorrection
      55.661 kb       27.046 kb        0.021 kb        0.000     1260  (B) BTagging_AntiKt4EMTopoAuxDyn.JetFitter_tracksAtPVlinks
      48.408 kb       27.049 kb        0.021 kb        0.000     1260  (B) BTagging_AntiKt4EMTopoAuxDyn.JetFitter_deltaeta
      37.983 kb       27.059 kb        0.021 kb        0.000     1260  (B) ElectronsAuxDyn.neflowisol40ptCorrection
      72.685 kb       27.062 kb        0.021 kb        0.000     1260  (B) BTagging_AntiKt3TrackAuxDyn.MSV_energyTrkInJet
      38.970 kb       27.093 kb        0.022 kb        0.000     1260  (B) ElectronsAuxDyn.neflowisolcoreConeEnergyCorrection
      67.754 kb       27.100 kb        0.022 kb        0.000     1260  (B) AntiKt2PV0TrackJetsAuxDyn.Split34
      76.687 kb       27.148 kb        0.022 kb        0.000     1260  (B) BTagging_AntiKt3TrackAuxDyn.SV1_vertices
      67.853 kb       27.178 kb        0.022 kb        0.000     1260  (B) AntiKt2PV0TrackJetsAuxDyn.Tau3_wta
      47.225 kb       27.183 kb        0.022 kb        0.000     1260  (B) AntiKt4EMTopoJetsAuxDyn.BchCorrCell
      37.983 kb       27.204 kb        0.022 kb        0.000     1260  (B) ElectronsAuxDyn.topoetcone40ptCorrection
      37.983 kb       27.217 kb        0.022 kb        0.000     1260  (B) ElectronsAuxDyn.topoetcone30ptCorrection
     113.697 kb       27.219 kb        0.022 kb        0.000     1260  (B) BTagging_AntiKt3TrackAuxDyn.SV0_pc
     113.697 kb       27.219 kb        0.022 kb        0.000     1260  (B) BTagging_AntiKt3TrackAuxDyn.SV0_pu
      37.983 kb       27.236 kb        0.022 kb        0.000     1260  (B) ElectronsAuxDyn.topoetcone20ptCorrection
      69.529 kb       27.250 kb        0.022 kb        0.000     1260  (B) BTagging_AntiKt2TrackAuxDyn.JetFitter_nSingleTracks
      72.213 kb       27.279 kb        0.022 kb        0.000     1260  (B) BTagging_AntiKt2TrackAuxDyn.JetFitter_tracksAtPVndf
      38.279 kb       27.345 kb        0.022 kb        0.000     1260  (B) ElectronsAuxDyn.core57cellsEnergyCorrection
      72.312 kb       27.374 kb        0.022 kb        0.000     1260  (B) BTagging_AntiKt2TrackAuxDyn.JetFitter_tracksAtPVchi2
      74.897 kb       27.409 kb        0.022 kb        0.000     1260  (B) BTagging_AntiKt2TrackAuxDyn.MSV_vertices
     107.193 kb       27.453 kb        0.022 kb        0.000     1260  (B) BTagging_AntiKt2TrackAuxDyn.MultiSVbb1_discriminant
     107.193 kb       27.454 kb        0.022 kb        0.000     1260  (B) BTagging_AntiKt2TrackAuxDyn.MultiSVbb2_discriminant
      47.619 kb       27.817 kb        0.022 kb        0.000     1260  (B) AntiKt4EMTopoJetsAuxDyn.N90Constituents
      76.236 kb       27.911 kb        0.022 kb        0.000     1260  (B) BTagging_AntiKt3TrackAuxDyn.JetFitter_tracksAtPVndf
      73.178 kb       27.918 kb        0.022 kb        0.000     1260  (B) BTagging_AntiKt3TrackAuxDyn.JetFitter_nSingleTracks
      76.335 kb       28.012 kb        0.022 kb        0.000     1260  (B) BTagging_AntiKt3TrackAuxDyn.JetFitter_tracksAtPVchi2
      38.970 kb       28.012 kb        0.022 kb        0.000     1260  (B) ElectronsAuxDyn.topoetconecoreConeEnergyCorrection
      79.640 kb       28.018 kb        0.022 kb        0.000     1260  (B) BTagging_AntiKt3TrackAuxDyn.MSV_vertices
      54.298 kb       28.139 kb        0.022 kb        0.000     1260  (B) BTagging_AntiKt4EMTopoAuxDyn.IP2D_flagFromV0ofTracks
      54.298 kb       28.139 kb        0.022 kb        0.000     1260  (B) BTagging_AntiKt4EMTopoAuxDyn.IP3D_flagFromV0ofTracks
      77.442 kb       28.151 kb        0.022 kb        0.000     1260  (B) BTagging_AntiKt2TrackAuxDyn.SV0_TrackParticleLinks
      68.938 kb       28.178 kb        0.022 kb        0.000     1260  (B) BTagging_AntiKt2TrackAuxDyn.JetFitter_N2Tpair
      68.642 kb       28.351 kb        0.023 kb        0.000     1260  (B) BTagging_AntiKt2TrackAuxDyn.JetFitter_chi2
      41.967 kb       28.385 kb        0.023 kb        0.000     1260  (B) MuonsAuxDyn.ET_TileCore
     113.697 kb       28.439 kb        0.023 kb        0.000     1260  (B) BTagging_AntiKt3TrackAuxDyn.SV0_pb
      47.422 kb       28.454 kb        0.023 kb        0.000     1260  (B) AntiKt4EMTopoJetsAuxDyn.LArBadHVNCell
      46.830 kb       28.514 kb        0.023 kb        0.000     1260  (B) AntiKt4EMTopoJetsAuxDyn.HECFrac
      72.504 kb       28.605 kb        0.023 kb        0.000     1260  (B) BTagging_AntiKt4EMTopoAuxDyn.JetFitter_JFvertices
      69.233 kb       28.644 kb        0.023 kb        0.000     1260  (B) BTagging_AntiKt2TrackAuxDyn.JetFitter_massUncorr
      79.657 kb       28.771 kb        0.023 kb        0.000     1260  (B) BTagging_AntiKt2TrackAuxDyn.SV1_TrackParticleLinks
      82.157 kb       28.905 kb        0.023 kb        0.000     1260  (B) BTagging_AntiKt3TrackAuxDyn.SV0_TrackParticleLinks
      72.586 kb       29.074 kb        0.023 kb        0.000     1260  (B) BTagging_AntiKt3TrackAuxDyn.JetFitter_N2Tpair
      72.290 kb       29.300 kb        0.023 kb        0.000     1260  (B) BTagging_AntiKt3TrackAuxDyn.JetFitter_chi2
     115.709 kb       29.306 kb        0.023 kb        0.000     1260  (B) BTagging_AntiKt3TrackAuxDyn.MultiSVbb1_discriminant
     115.709 kb       29.307 kb        0.023 kb        0.000     1260  (B) BTagging_AntiKt3TrackAuxDyn.MultiSVbb2_discriminant
      47.126 kb       29.346 kb        0.023 kb        0.000     1260  (B) AntiKt4EMTopoJetsAuxDyn.LArQuality
      72.882 kb       29.522 kb        0.023 kb        0.000     1260  (B) BTagging_AntiKt3TrackAuxDyn.JetFitter_massUncorr
      46.436 kb       29.633 kb        0.024 kb        0.000     1260  (B) AntiKt4EMTopoJetsAuxDyn.Jvt
      85.070 kb       29.782 kb        0.024 kb        0.000     1260  (B) BTagging_AntiKt3TrackAuxDyn.SV1_TrackParticleLinks
      44.235 kb       29.993 kb        0.024 kb        0.000     1260  (B) MuonsAuxDyn.neflowisolcoreConeEnergyCorrection
      48.310 kb       30.065 kb        0.024 kb        0.000     1260  (B) AntiKt4EMTopoJetsAuxDyn.GhostAntiKt2TrackJetPt
      69.994 kb       30.113 kb        0.024 kb        0.000     1260  (B) BTagging_AntiKt4EMTopoAuxDyn.IP2D_gradeOfTracks
      69.994 kb       30.113 kb        0.024 kb        0.000     1260  (B) BTagging_AntiKt4EMTopoAuxDyn.IP3D_gradeOfTracks
      42.065 kb       30.294 kb        0.024 kb        0.000     1260  (B) MuonsAuxDyn.neflowisol20
      48.310 kb       30.328 kb        0.024 kb        0.000     1260  (B) AntiKt4EMTopoJetsAuxDyn.GhostAntiKt3TrackJetPt
      68.642 kb       30.365 kb        0.024 kb        0.000     1260  (B) BTagging_AntiKt2TrackAuxDyn.JetFitter_mass
      48.310 kb       30.444 kb        0.024 kb        0.000     1260  (B) AntiKt4EMTopoJetsAuxDyn.GhostAntiKt4TrackJetPt
      43.644 kb       30.570 kb        0.024 kb        0.000     1260  (B) MuonsAuxDyn.ptconecoreTrackPtrCorrection
      42.065 kb       30.778 kb        0.024 kb        0.000     1260  (B) MuonsAuxDyn.topoetcone20
      41.572 kb       30.790 kb        0.024 kb        0.000     1260  (B) MuonsAuxDyn.ET_Core
      69.628 kb       30.845 kb        0.024 kb        0.000     1260  (B) BTagging_AntiKt2TrackAuxDyn.JetFitter_energyFraction
      69.036 kb       30.927 kb        0.025 kb        0.000     1260  (B) BTagging_AntiKt2TrackAuxDyn.JetFitter_deltaphi
      69.036 kb       30.933 kb        0.025 kb        0.000     1260  (B) BTagging_AntiKt2TrackAuxDyn.JetFitter_deltaeta
      71.600 kb       30.943 kb        0.025 kb        0.000     1260  (B) AntiKt3PV0TrackJetsAuxDyn.ThrustMaj
      41.770 kb       31.059 kb        0.025 kb        0.000     1260  (B) MuonsAuxDyn.ET_EMCore
      71.600 kb       31.181 kb        0.025 kb        0.000     1260  (B) AntiKt3PV0TrackJetsAuxDyn.ThrustMin
      69.628 kb       31.193 kb        0.025 kb        0.000     1260  (B) BTagging_AntiKt2TrackAuxDyn.JetFitter_significance3d
      71.106 kb       31.211 kb        0.025 kb        0.000     1260  (B) AntiKt3PV0TrackJetsAuxDyn.Tau3
      44.235 kb       31.247 kb        0.025 kb        0.000     1260  (B) MuonsAuxDyn.topoetconecoreConeEnergyCorrection
      42.065 kb       31.286 kb        0.025 kb        0.000     1260  (B) MuonsAuxDyn.neflowisol30
      46.731 kb       31.353 kb        0.025 kb        0.000     1260  (B) AntiKt4EMTopoJetsAuxDyn.JvtRpt
      47.126 kb       31.379 kb        0.025 kb        0.000     1260  (B) AntiKt4EMTopoJetsAuxDyn.ActiveArea
      42.065 kb       31.418 kb        0.025 kb        0.000     1260  (B) MuonsAuxDyn.topoetcone30
      71.304 kb       31.446 kb        0.025 kb        0.000     1260  (B) AntiKt3PV0TrackJetsAuxDyn.ZCut34
      71.402 kb       31.516 kb        0.025 kb        0.000     1260  (B) AntiKt3PV0TrackJetsAuxDyn.Split34
      42.065 kb       31.552 kb        0.025 kb        0.000     1260  (B) MuonsAuxDyn.neflowisol40
      42.065 kb       31.567 kb        0.025 kb        0.000     1260  (B) MuonsAuxDyn.topoetcone40
      71.501 kb       31.596 kb        0.025 kb        0.000     1260  (B) AntiKt3PV0TrackJetsAuxDyn.Tau3_wta
      88.512 kb       31.604 kb        0.025 kb        0.000     1260  (B) BTagging_AntiKt2TrackAuxDyn.JetFitter_tracksAtPVlinks
      95.589 kb       31.657 kb        0.025 kb        0.000     1260  (B) AntiKt4EMTopoJetsAuxDyn.GhostAntiKt4TrackJet
      67.458 kb       31.702 kb        0.025 kb        0.000     1260  (B) AntiKt2PV0TrackJetsAuxDyn.Tau2
      72.290 kb       31.721 kb        0.025 kb        0.000     1260  (B) BTagging_AntiKt3TrackAuxDyn.JetFitter_mass
      47.126 kb       31.728 kb        0.025 kb        0.000     1260  (B) AntiKt4EMTopoJetsAuxDyn.JvtJvfcorr
      67.458 kb       31.843 kb        0.025 kb        0.000     1260  (B) AntiKt2PV0TrackJetsAuxDyn.ECF3
      67.655 kb       31.957 kb        0.025 kb        0.000     1260  (B) AntiKt2PV0TrackJetsAuxDyn.ZCut23
      67.754 kb       31.971 kb        0.025 kb        0.000     1260  (B) AntiKt2PV0TrackJetsAuxDyn.Split23
      67.853 kb       32.075 kb        0.025 kb        0.000     1260  (B) AntiKt2PV0TrackJetsAuxDyn.Tau2_wta
      73.276 kb       32.160 kb        0.026 kb        0.000     1260  (B) BTagging_AntiKt3TrackAuxDyn.JetFitter_energyFraction
      72.685 kb       32.276 kb        0.026 kb        0.000     1260  (B) BTagging_AntiKt3TrackAuxDyn.JetFitter_deltaphi
      72.685 kb       32.290 kb        0.026 kb        0.000     1260  (B) BTagging_AntiKt3TrackAuxDyn.JetFitter_deltaeta
      43.249 kb       32.393 kb        0.026 kb        0.000     1260  (B) MuonsAuxDyn.coreMuonEnergyCorrection
      73.276 kb       32.535 kb        0.026 kb        0.000     1260  (B) BTagging_AntiKt3TrackAuxDyn.JetFitter_significance3d
      84.278 kb       32.623 kb        0.026 kb        0.000     1260  (B) BTagging_AntiKt2TrackAuxDyn.IP2D_flagFromV0ofTracks
      84.278 kb       32.623 kb        0.026 kb        0.000     1260  (B) BTagging_AntiKt2TrackAuxDyn.IP3D_flagFromV0ofTracks
      95.094 kb       32.864 kb        0.026 kb        0.000     1260  (B) BTagging_AntiKt3TrackAuxDyn.JetFitter_tracksAtPVlinks
      43.841 kb       33.002 kb        0.026 kb        0.000     1260  (B) MuonsAuxDyn.etconecoreConeEnergyCorrection
      47.816 kb       33.386 kb        0.026 kb        0.000     1260  (B) AntiKt4EMTopoJetsAuxDyn.OotFracClusters10
     101.611 kb       33.597 kb        0.027 kb        0.000     1260  (B) AntiKt4EMTopoJetsAuxDyn.GhostAntiKt3TrackJet
      89.463 kb       33.602 kb        0.027 kb        0.000     1260  (B) BTagging_AntiKt3TrackAuxDyn.IP2D_flagFromV0ofTracks
      89.463 kb       33.602 kb        0.027 kb        0.000     1260  (B) BTagging_AntiKt3TrackAuxDyn.IP3D_flagFromV0ofTracks
      46.534 kb       35.008 kb        0.028 kb        0.000     1260  (B) AntiKt4EMTopoJetsAuxDyn.Tau3
      47.718 kb       35.052 kb        0.028 kb        0.000     1260  (B) AntiKt4EMTopoJetsAuxDyn.OotFracClusters5
      46.731 kb       35.197 kb        0.028 kb        0.000     1260  (B) AntiKt4EMTopoJetsAuxDyn.Charge
      46.731 kb       35.199 kb        0.028 kb        0.000     1260  (B) AntiKt4EMTopoJetsAuxDyn.ZCut34
      46.830 kb       35.324 kb        0.028 kb        0.000     1260  (B) AntiKt4EMTopoJetsAuxDyn.Split34
      47.027 kb       35.387 kb        0.028 kb        0.000     1260  (B) AntiKt4EMTopoJetsAuxDyn.ThrustMaj
      47.323 kb       35.438 kb        0.028 kb        0.000     1260  (B) AntiKt4EMTopoJetsAuxDyn.GhostTrackPt
      46.929 kb       35.466 kb        0.028 kb        0.000     1260  (B) AntiKt4EMTopoJetsAuxDyn.Tau3_wta
      47.521 kb       35.704 kb        0.028 kb        0.000     1260  (B) AntiKt4EMTopoJetsAuxDyn.IsoDelta3SumPt
      47.027 kb       35.767 kb        0.028 kb        0.000     1260  (B) AntiKt4EMTopoJetsAuxDyn.ThrustMin
      46.534 kb       35.792 kb        0.028 kb        0.000     1260  (B) AntiKt4EMTopoJetsAuxDyn.Tau2
     109.046 kb       36.033 kb        0.029 kb        0.000     1260  (B) AntiKt4EMTopoJetsAuxDyn.GhostAntiKt2TrackJet
      46.534 kb       36.038 kb        0.029 kb        0.000     1260  (B) AntiKt4EMTopoJetsAuxDyn.ECF3
      46.731 kb       36.052 kb        0.029 kb        0.000     1260  (B) AntiKt4EMTopoJetsAuxDyn.ZCut23
      46.830 kb       36.215 kb        0.029 kb        0.000     1260  (B) AntiKt4EMTopoJetsAuxDyn.Split23
      46.929 kb       36.223 kb        0.029 kb        0.000     1260  (B) AntiKt4EMTopoJetsAuxDyn.Tau2_wta
      46.534 kb       36.757 kb        0.029 kb        0.000     1260  (B) AntiKt4EMTopoJetsAuxDyn.KtDR
      47.027 kb       36.772 kb        0.029 kb        0.000     1260  (B) AntiKt4EMTopoJetsAuxDyn.DipExcl12
      46.534 kb       36.839 kb        0.029 kb        0.000     1260  (B) AntiKt4EMTopoJetsAuxDyn.Tau1
      46.534 kb       36.878 kb        0.029 kb        0.000     1260  (B) AntiKt4EMTopoJetsAuxDyn.ECF2
      46.731 kb       36.957 kb        0.029 kb        0.000     1260  (B) AntiKt4EMTopoJetsAuxDyn.ZCut12
      47.126 kb       36.977 kb        0.029 kb        0.000     1260  (B) AntiKt4EMTopoJetsAuxDyn.PlanarFlow
      47.225 kb       37.023 kb        0.029 kb        0.000     1260  (B) AntiKt4EMTopoJetsAuxDyn.FoxWolfram0
      46.830 kb       37.072 kb        0.029 kb        0.000     1260  (B) AntiKt4EMTopoJetsAuxDyn.Split12
      46.534 kb       37.105 kb        0.029 kb        0.000     1260  (B) AntiKt4EMTopoJetsAuxDyn.Mu12
      46.731 kb       37.131 kb        0.029 kb        0.000     1260  (B) AntiKt4EMTopoJetsAuxDyn.EMFrac
      46.929 kb       37.227 kb        0.030 kb        0.000     1260  (B) AntiKt4EMTopoJetsAuxDyn.Tau1_wta
      67.951 kb       37.286 kb        0.030 kb        0.000     1260  (B) AntiKt2PV0TrackJetsAuxDyn.DipExcl12
      46.534 kb       37.288 kb        0.030 kb        0.000     1260  (B) AntiKt4EMTopoJetsAuxDyn.ECF1
      47.126 kb       37.345 kb        0.030 kb        0.000     1260  (B) AntiKt4EMTopoJetsAuxDyn.Aplanarity
      47.225 kb       37.355 kb        0.030 kb        0.000     1260  (B) AntiKt4EMTopoJetsAuxDyn.FoxWolfram2
      46.633 kb       37.408 kb        0.030 kb        0.000     1260  (B) AntiKt4EMTopoJetsAuxDyn.Width
      47.225 kb       37.428 kb        0.030 kb        0.000     1260  (B) AntiKt4EMTopoJetsAuxDyn.FoxWolfram1
      63.651 kb       37.470 kb        0.030 kb        0.000     1260  (B) BTagging_AntiKt4EMTopoAuxDyn.MV2m_pu
      47.225 kb       37.502 kb        0.030 kb        0.000     1260  (B) AntiKt4EMTopoJetsAuxDyn.FoxWolfram4
      47.225 kb       37.583 kb        0.030 kb        0.000     1260  (B) AntiKt4EMTopoJetsAuxDyn.FoxWolfram3
      47.126 kb       37.610 kb        0.030 kb        0.000     1260  (B) AntiKt4EMTopoJetsAuxDyn.Sphericity
     116.436 kb       37.633 kb        0.030 kb        0.000     1260  (B) AntiKt4EMTopoJetsAuxDyn.GhostMuonSegment
      47.027 kb       37.720 kb        0.030 kb        0.000     1260  (B) AntiKt4EMTopoJetsAuxDyn.CentroidR
      47.126 kb       37.724 kb        0.030 kb        0.000     1260  (B) AntiKt4EMTopoJetsAuxDyn.Angularity
      47.915 kb       37.731 kb        0.030 kb        0.000     1260  (B) AntiKt4EMTopoJetsAuxDyn.LArBadHVEnergyFrac
      46.731 kb       37.993 kb        0.030 kb        0.000     1260  (B) AntiKt4EMTopoJetsAuxDyn.Timing
      47.718 kb       38.098 kb        0.030 kb        0.000     1260  (B) AntiKt4EMTopoJetsAuxDyn.ActiveArea4vec_m
      47.027 kb       38.163 kb        0.030 kb        0.000     1260  (B) AntiKt4EMTopoJetsAuxDyn.NegativeE
      47.323 kb       38.280 kb        0.030 kb        0.000     1260  (B) AntiKt4EMTopoJetsAuxDyn.AverageLArQF
      47.225 kb       38.440 kb        0.031 kb        0.000     1260  (B) AntiKt4EMTopoJetsAuxDyn.DetectorEta
      47.619 kb       38.452 kb        0.031 kb        0.000     1260  (B) AntiKt4EMTopoJetsAuxDyn.FracSamplingMax
      47.816 kb       38.521 kb        0.031 kb        0.000     1260  (B) AntiKt4EMTopoJetsAuxDyn.ActiveArea4vec_pt
      63.651 kb       38.534 kb        0.031 kb        0.000     1260  (B) BTagging_AntiKt4EMTopoAuxDyn.MV2m_pc
     105.056 kb       38.581 kb        0.031 kb        0.000     1260  (B) MuonsAuxDyn.rpcHitTime
      48.112 kb       38.691 kb        0.031 kb        0.000     1260  (B) AntiKt4EMTopoJetsAuxDyn.JetEMScaleMomentum_m
      63.651 kb       38.771 kb        0.031 kb        0.000     1260  (B) BTagging_AntiKt4EMTopoAuxDyn.MV2m_pb
      48.211 kb       38.908 kb        0.031 kb        0.000     1260  (B) AntiKt4EMTopoJetsAuxDyn.JetEMScaleMomentum_pt
      47.915 kb       39.103 kb        0.031 kb        0.000     1260  (B) AntiKt4EMTopoJetsAuxDyn.ActiveArea4vec_phi
      47.915 kb       39.109 kb        0.031 kb        0.000     1260  (B) AntiKt4EMTopoJetsAuxDyn.ActiveArea4vec_eta
      48.211 kb       39.118 kb        0.031 kb        0.000     1260  (B) AntiKt4EMTopoJetsAuxDyn.LeadingClusterSecondR
      48.507 kb       39.135 kb        0.031 kb        0.000     1260  (B) AntiKt4EMTopoJetsAuxDyn.JetPileupScaleMomentum_m
      48.605 kb       39.179 kb        0.031 kb        0.000     1260  (B) AntiKt4EMTopoJetsAuxDyn.JetConstitScaleMomentum_m
      48.704 kb       39.389 kb        0.031 kb        0.000     1260  (B) AntiKt4EMTopoJetsAuxDyn.JetConstitScaleMomentum_pt
      48.704 kb       39.408 kb        0.031 kb        0.000     1260  (B) AntiKt4EMTopoJetsAuxDyn.LeadingClusterCenterLambda
      48.605 kb       39.481 kb        0.031 kb        0.000     1260  (B) AntiKt4EMTopoJetsAuxDyn.JetPileupScaleMomentum_pt
      48.310 kb       39.482 kb        0.031 kb        0.000     1260  (B) AntiKt4EMTopoJetsAuxDyn.JetEMScaleMomentum_phi
      48.310 kb       39.483 kb        0.031 kb        0.000     1260  (B) AntiKt4EMTopoJetsAuxDyn.JetEMScaleMomentum_eta
      48.704 kb       39.555 kb        0.031 kb        0.000     1260  (B) AntiKt4EMTopoJetsAuxDyn.LeadingClusterSecondLambda
      71.106 kb       39.558 kb        0.031 kb        0.000     1260  (B) AntiKt3PV0TrackJetsAuxDyn.Tau2
      49.197 kb       39.732 kb        0.032 kb        0.000     1260  (B) AntiKt4EMTopoJetsAuxDyn.JetOriginConstitScaleMomentum_m
      48.704 kb       39.855 kb        0.032 kb        0.000     1260  (B) AntiKt4EMTopoJetsAuxDyn.JetPileupScaleMomentum_phi
      48.704 kb       39.869 kb        0.032 kb        0.000     1260  (B) AntiKt4EMTopoJetsAuxDyn.JetPileupScaleMomentum_eta
      71.304 kb       39.902 kb        0.032 kb        0.000     1260  (B) AntiKt3PV0TrackJetsAuxDyn.ZCut23
      71.402 kb       39.922 kb        0.032 kb        0.000     1260  (B) AntiKt3PV0TrackJetsAuxDyn.Split23
      49.296 kb       39.947 kb        0.032 kb        0.000     1260  (B) AntiKt4EMTopoJetsAuxDyn.JetOriginConstitScaleMomentum_pt
      71.106 kb       39.957 kb        0.032 kb        0.000     1260  (B) AntiKt3PV0TrackJetsAuxDyn.ECF3
      48.803 kb       39.958 kb        0.032 kb        0.000     1260  (B) AntiKt4EMTopoJetsAuxDyn.JetConstitScaleMomentum_eta
      48.803 kb       39.961 kb        0.032 kb        0.000     1260  (B) AntiKt4EMTopoJetsAuxDyn.JetConstitScaleMomentum_phi
      71.501 kb       39.985 kb        0.032 kb        0.000     1260  (B) AntiKt3PV0TrackJetsAuxDyn.Tau2_wta
      68.050 kb       40.442 kb        0.032 kb        0.000     1260  (B) AntiKt2PV0TrackJetsAuxDyn.PlanarFlow
      49.395 kb       40.532 kb        0.032 kb        0.000     1260  (B) AntiKt4EMTopoJetsAuxDyn.JetOriginConstitScaleMomentum_phi
      49.395 kb       40.541 kb        0.032 kb        0.000     1260  (B) AntiKt4EMTopoJetsAuxDyn.JetOriginConstitScaleMomentum_eta
     128.450 kb       40.777 kb        0.032 kb        0.000     1260  (B) BTagging_AntiKt2TrackAuxDyn.JetFitter_JFvertices
      68.050 kb       41.253 kb        0.033 kb        0.000     1260  (B) AntiKt2PV0TrackJetsAuxDyn.Aplanarity
      50.987 kb       42.397 kb        0.034 kb        0.000     1260  (B) GSFTrackParticlesAuxDyn.QoverPLM
      70.191 kb       42.475 kb        0.034 kb        0.000     1260  (B) BTagging_AntiKt4EMTopoAuxDyn.IP2D_weightCofTracks
     133.636 kb       42.532 kb        0.034 kb        0.000     1260  (B) BTagging_AntiKt2TrackAuxDyn.IP2D_gradeOfTracks
     133.636 kb       42.532 kb        0.034 kb        0.000     1260  (B) BTagging_AntiKt2TrackAuxDyn.IP3D_gradeOfTracks
      70.191 kb       42.648 kb        0.034 kb        0.000     1260  (B) BTagging_AntiKt4EMTopoAuxDyn.IP2D_weightBofTracks
      70.191 kb       42.703 kb        0.034 kb        0.000     1260  (B) BTagging_AntiKt4EMTopoAuxDyn.IP2D_weightUofTracks
     142.361 kb       43.030 kb        0.034 kb        0.000     1260  (B) BTagging_AntiKt3TrackAuxDyn.JetFitter_JFvertices
      68.444 kb       43.602 kb        0.035 kb        0.000     1260  (B) AntiKt2PV0TrackJetsAuxDyn.IsoDelta2SumPt
     105.588 kb       43.639 kb        0.035 kb        0.000     1260  (B) MuonsAuxDyn.rpcHitPositionZ
     105.588 kb       43.755 kb        0.035 kb        0.000     1260  (B) MuonsAuxDyn.rpcHitPositionY
     105.588 kb       43.795 kb        0.035 kb        0.000     1260  (B) MuonsAuxDyn.rpcHitPositionX
      67.458 kb       43.813 kb        0.035 kb        0.000     1260  (B) AntiKt2PV0TrackJetsAuxDyn.KtDR
      67.458 kb       43.839 kb        0.035 kb        0.000     1260  (B) AntiKt2PV0TrackJetsAuxDyn.Tau1
      68.050 kb       43.869 kb        0.035 kb        0.000     1260  (B) AntiKt2PV0TrackJetsAuxDyn.Sphericity
      67.458 kb       43.904 kb        0.035 kb        0.000     1260  (B) AntiKt2PV0TrackJetsAuxDyn.Mu12
      67.458 kb       44.215 kb        0.035 kb        0.000     1260  (B) AntiKt2PV0TrackJetsAuxDyn.ECF2
      67.853 kb       44.266 kb        0.035 kb        0.000     1260  (B) AntiKt2PV0TrackJetsAuxDyn.Tau1_wta
      67.655 kb       44.308 kb        0.035 kb        0.000     1260  (B) AntiKt2PV0TrackJetsAuxDyn.ZCut12
      67.754 kb       44.349 kb        0.035 kb        0.000     1260  (B) AntiKt2PV0TrackJetsAuxDyn.Split12
      68.148 kb       44.548 kb        0.035 kb        0.000     1260  (B) AntiKt2PV0TrackJetsAuxDyn.FoxWolfram0
      68.148 kb       44.801 kb        0.036 kb        0.000     1260  (B) AntiKt2PV0TrackJetsAuxDyn.FoxWolfram2
      68.148 kb       44.903 kb        0.036 kb        0.000     1260  (B) AntiKt2PV0TrackJetsAuxDyn.FoxWolfram4
      68.148 kb       44.918 kb        0.036 kb        0.000     1260  (B) AntiKt2PV0TrackJetsAuxDyn.FoxWolfram1
      68.050 kb       45.014 kb        0.036 kb        0.000     1260  (B) AntiKt2PV0TrackJetsAuxDyn.Angularity
      68.148 kb       45.140 kb        0.036 kb        0.000     1260  (B) AntiKt2PV0TrackJetsAuxDyn.FoxWolfram3
      70.191 kb       45.680 kb        0.036 kb        0.000     1260  (B) BTagging_AntiKt4EMTopoAuxDyn.IP3D_weightCofTracks
      70.191 kb       45.729 kb        0.036 kb        0.000     1260  (B) BTagging_AntiKt4EMTopoAuxDyn.IP3D_weightBofTracks
      71.600 kb       45.774 kb        0.036 kb        0.000     1260  (B) AntiKt3PV0TrackJetsAuxDyn.DipExcl12
      70.191 kb       45.899 kb        0.036 kb        0.000     1260  (B) BTagging_AntiKt4EMTopoAuxDyn.IP3D_weightUofTracks
     145.493 kb       46.255 kb        0.037 kb        0.000     1260  (B) BTagging_AntiKt3TrackAuxDyn.IP2D_gradeOfTracks
     145.493 kb       46.255 kb        0.037 kb        0.000     1260  (B) BTagging_AntiKt3TrackAuxDyn.IP3D_gradeOfTracks
     495.121 kb       47.006 kb        0.037 kb        0.000        1  (B) _TRIGGER_LVL1_Prescales
     251.296 kb       48.130 kb        0.038 kb        0.000     1260  (B) AntiKt4EMTopoJetsAuxDyn.NumTrkPt1000
      64.835 kb       48.841 kb        0.039 kb        0.000     1260  (B) BTagging_AntiKt4EMTopoAuxDyn.MV2c20_discriminant
      64.835 kb       48.900 kb        0.039 kb        0.000     1260  (B) BTagging_AntiKt4EMTopoAuxDyn.MV2c10_discriminant
      64.835 kb       48.972 kb        0.039 kb        0.000     1260  (B) BTagging_AntiKt4EMTopoAuxDyn.MV2c00_discriminant
      71.698 kb       48.976 kb        0.039 kb        0.000     1260  (B) AntiKt3PV0TrackJetsAuxDyn.Aplanarity
      71.698 kb       49.002 kb        0.039 kb        0.000     1260  (B) AntiKt3PV0TrackJetsAuxDyn.PlanarFlow
      64.934 kb       49.140 kb        0.039 kb        0.000     1260  (B) BTagging_AntiKt4EMTopoAuxDyn.MV2c100_discriminant
      70.487 kb       51.312 kb        0.041 kb        0.000     1260  (B) BTagging_AntiKt4EMTopoAuxDyn.IP2D_sigD0wrtPVofTracks
      70.487 kb       51.319 kb        0.041 kb        0.000     1260  (B) BTagging_AntiKt4EMTopoAuxDyn.IP3D_sigD0wrtPVofTracks
      70.487 kb       51.319 kb        0.041 kb        0.000     1260  (B) BTagging_AntiKt4EMTopoAuxDyn.IP3D_sigZ0wrtPVofTracks
      70.487 kb       51.342 kb        0.041 kb        0.000     1260  (B) BTagging_AntiKt4EMTopoAuxDyn.IP2D_valD0wrtPVofTracks
      70.487 kb       51.353 kb        0.041 kb        0.000     1260  (B) BTagging_AntiKt4EMTopoAuxDyn.IP3D_valD0wrtPVofTracks
      70.487 kb       51.385 kb        0.041 kb        0.000     1260  (B) BTagging_AntiKt4EMTopoAuxDyn.IP3D_valZ0wrtPVofTracks
     251.170 kb       51.866 kb        0.041 kb        0.000     1260  (B) AntiKt4EMTopoJetsAuxDyn.NumTrkPt500
     314.294 kb       52.405 kb        0.042 kb        0.000     1260  (B) EventInfoAuxDyn._SCT_BSErr_bec
     314.705 kb       52.526 kb        0.042 kb        0.000     1260  (B) EventInfoAuxDyn._SCT_BSErr_side
     103.294 kb       52.687 kb        0.042 kb        0.000     1260  (B) AntiKt4EMTopoJetsAuxDyn.OriginVertex
      71.106 kb       52.729 kb        0.042 kb        0.000     1260  (B) AntiKt3PV0TrackJetsAuxDyn.KtDR
      71.698 kb       53.061 kb        0.042 kb        0.000     1260  (B) AntiKt3PV0TrackJetsAuxDyn.Sphericity
      71.106 kb       53.088 kb        0.042 kb        0.000     1260  (B) AntiKt3PV0TrackJetsAuxDyn.Tau1
      71.106 kb       53.233 kb        0.042 kb        0.000     1260  (B) AntiKt3PV0TrackJetsAuxDyn.Mu12
     314.705 kb       53.326 kb        0.042 kb        0.000     1260  (B) EventInfoAuxDyn._SCT_BSErr_type
      71.304 kb       53.434 kb        0.042 kb        0.000     1260  (B) AntiKt3PV0TrackJetsAuxDyn.ZCut12
      71.402 kb       53.482 kb        0.042 kb        0.000     1260  (B) AntiKt3PV0TrackJetsAuxDyn.Split12
      71.106 kb       53.506 kb        0.042 kb        0.000     1260  (B) AntiKt3PV0TrackJetsAuxDyn.ECF2
      71.501 kb       53.565 kb        0.043 kb        0.000     1260  (B) AntiKt3PV0TrackJetsAuxDyn.Tau1_wta
      71.797 kb       53.663 kb        0.043 kb        0.000     1260  (B) AntiKt3PV0TrackJetsAuxDyn.FoxWolfram0
      71.797 kb       54.178 kb        0.043 kb        0.000     1260  (B) AntiKt3PV0TrackJetsAuxDyn.FoxWolfram2
      71.698 kb       54.209 kb        0.043 kb        0.000     1260  (B) AntiKt3PV0TrackJetsAuxDyn.Angularity
      71.797 kb       54.256 kb        0.043 kb        0.000     1260  (B) AntiKt3PV0TrackJetsAuxDyn.FoxWolfram1
      71.797 kb       54.374 kb        0.043 kb        0.000     1260  (B) AntiKt3PV0TrackJetsAuxDyn.FoxWolfram4
     145.366 kb       54.486 kb        0.043 kb        0.000     1260  (B) AntiKt2PV0TrackJetsAuxDyn.OriginVertex
     152.663 kb       54.556 kb        0.043 kb        0.000     1260  (B) AntiKt3PV0TrackJetsAuxDyn.OriginVertex
      68.444 kb       54.604 kb        0.043 kb        0.000     1260  (B) AntiKt2PV0TrackJetsAuxDyn.IsoDelta3SumPt
      71.797 kb       54.674 kb        0.043 kb        0.000     1260  (B) AntiKt3PV0TrackJetsAuxDyn.FoxWolfram3
     110.463 kb       55.194 kb        0.044 kb        0.000     1260  (B) GSFTrackParticlesAuxDyn.trackLink
      72.093 kb       55.868 kb        0.044 kb        0.000     1260  (B) AntiKt3PV0TrackJetsAuxDyn.IsoDelta2SumPt
     103.604 kb       55.903 kb        0.044 kb        0.000     1260  (B) AntiKt4EMTopoJetsAuxDyn.HighestJVFVtx
     103.302 kb       55.937 kb        0.044 kb        0.000     1260  (B) AntiKt4EMTopoJetsAuxDyn.btaggingLink
     314.984 kb       57.046 kb        0.045 kb        0.000     1260  (B) EventInfoAuxDyn._SCT_BSErr_layer
     314.294 kb       58.050 kb        0.046 kb        0.000     1260  (B) EventInfoAuxDyn._SCT_BSErr_eta
      69.529 kb       58.323 kb        0.046 kb        0.000     1260  (B) AntiKt2PV0TrackJetsAuxDyn.JetConstitScaleMomentum_m
     262.037 kb       59.105 kb        0.047 kb        0.000     1260  (B) MuonsAuxDyn.segmentsOnTrack
      67.458 kb       59.165 kb        0.047 kb        0.000     1260  (B) AntiKt2PV0TrackJetsAuxDyn.ECF1
     314.984 kb       59.260 kb        0.047 kb        0.000     1260  (B) EventInfoAuxDyn._SCT_BSErr_rodid
     314.294 kb       59.352 kb        0.047 kb        0.000     1260  (B) EventInfoAuxDyn._SCT_BSErr_phi
     145.374 kb       59.968 kb        0.048 kb        0.000     1260  (B) AntiKt2PV0TrackJetsAuxDyn.btaggingLink
      67.557 kb       60.223 kb        0.048 kb        0.000     1260  (B) AntiKt2PV0TrackJetsAuxDyn.Width
     152.671 kb       60.438 kb        0.048 kb        0.000     1260  (B) AntiKt3PV0TrackJetsAuxDyn.btaggingLink
      69.628 kb       61.287 kb        0.049 kb        0.000     1260  (B) AntiKt2PV0TrackJetsAuxDyn.JetConstitScaleMomentum_pt
      72.093 kb       62.303 kb        0.049 kb        0.000     1260  (B) AntiKt3PV0TrackJetsAuxDyn.IsoDelta3SumPt
      69.727 kb       62.646 kb        0.050 kb        0.000     1260  (B) AntiKt2PV0TrackJetsAuxDyn.JetConstitScaleMomentum_phi
      69.727 kb       62.726 kb        0.050 kb        0.000     1260  (B) AntiKt2PV0TrackJetsAuxDyn.JetConstitScaleMomentum_eta
      71.106 kb       62.745 kb        0.050 kb        0.000     1260  (B) AntiKt3PV0TrackJetsAuxDyn.ECF1
      73.178 kb       63.529 kb        0.050 kb        0.000     1260  (B) AntiKt3PV0TrackJetsAuxDyn.JetConstitScaleMomentum_m
      71.205 kb       64.032 kb        0.051 kb        0.000     1260  (B) AntiKt3PV0TrackJetsAuxDyn.Width
     105.553 kb       64.326 kb        0.051 kb        0.000     1260  (B) BTagging_AntiKt2TrackAuxDyn.MV2m_pu
      73.276 kb       64.854 kb        0.051 kb        0.000     1260  (B) AntiKt3PV0TrackJetsAuxDyn.JetConstitScaleMomentum_pt
     114.225 kb       65.090 kb        0.052 kb        0.000     1260  (B) GSFTrackParticlesAuxDyn.originalTrackParticle
      73.375 kb       66.383 kb        0.053 kb        0.000     1260  (B) AntiKt3PV0TrackJetsAuxDyn.JetConstitScaleMomentum_phi
      73.375 kb       66.453 kb        0.053 kb        0.000     1260  (B) AntiKt3PV0TrackJetsAuxDyn.JetConstitScaleMomentum_eta
     216.562 kb       66.620 kb        0.053 kb        0.000     1260  (B) BTagging_AntiKt4EMTopoAuxDyn.IP2D_TrackParticleLinks
     216.562 kb       66.620 kb        0.053 kb        0.000     1260  (B) BTagging_AntiKt4EMTopoAuxDyn.IP3D_TrackParticleLinks
     105.694 kb       67.062 kb        0.053 kb        0.000     1260  (B) MuonsAuxDyn.rpcHitIdentifier
     105.553 kb       67.885 kb        0.054 kb        0.000     1260  (B) BTagging_AntiKt2TrackAuxDyn.MV2m_pc
     105.553 kb       68.468 kb        0.054 kb        0.000     1260  (B) BTagging_AntiKt2TrackAuxDyn.MV2m_pb
     251.800 kb       68.843 kb        0.055 kb        0.000     1260  (B) AntiKt4EMTopoJetsAuxDyn.TrackWidthPt1000
     113.807 kb       69.146 kb        0.055 kb        0.000     1260  (B) BTagging_AntiKt3TrackAuxDyn.MV2m_pu
     133.907 kb       70.851 kb        0.056 kb        0.000     1260  (B) BTagging_AntiKt2TrackAuxDyn.IP2D_weightCofTracks
     251.548 kb       70.932 kb        0.056 kb        0.000     1260  (B) AntiKt4EMTopoJetsAuxDyn.SumPtTrkPt1000
     133.907 kb       71.657 kb        0.057 kb        0.000     1260  (B) BTagging_AntiKt2TrackAuxDyn.IP2D_weightUofTracks
     133.907 kb       71.691 kb        0.057 kb        0.000     1260  (B) BTagging_AntiKt2TrackAuxDyn.IP2D_weightBofTracks
      85.304 kb       73.010 kb        0.058 kb        0.000     1260  (B) PrimaryVerticesAuxDyn.sumPt2
     113.807 kb       73.027 kb        0.058 kb        0.000     1260  (B) BTagging_AntiKt3TrackAuxDyn.MV2m_pc
   34733.826 kb       73.514 kb        0.058 kb        0.000     1260  (B) PixelClustersAuxDyn.LVL1A
     113.807 kb       73.727 kb        0.059 kb        0.000     1260  (B) BTagging_AntiKt3TrackAuxDyn.MV2m_pb
   34734.084 kb       76.626 kb        0.061 kb        0.000     1260  (B) PixelClustersAuxDyn.isSplit
     145.792 kb       77.616 kb        0.062 kb        0.000     1260  (B) BTagging_AntiKt3TrackAuxDyn.IP2D_weightCofTracks
     145.792 kb       78.342 kb        0.062 kb        0.000     1260  (B) BTagging_AntiKt3TrackAuxDyn.IP2D_weightUofTracks
     145.792 kb       78.458 kb        0.062 kb        0.000     1260  (B) BTagging_AntiKt3TrackAuxDyn.IP2D_weightBofTracks
     119.856 kb       78.774 kb        0.063 kb        0.000     1260  (B) BTagging_AntiKt4EMTopoAuxDyn.JetFitter_fittedCov
     133.907 kb       81.277 kb        0.065 kb        0.000     1260  (B) BTagging_AntiKt2TrackAuxDyn.IP3D_weightCofTracks
     133.907 kb       82.188 kb        0.065 kb        0.000     1260  (B) BTagging_AntiKt2TrackAuxDyn.IP3D_weightBofTracks
     133.907 kb       82.270 kb        0.065 kb        0.000     1260  (B) BTagging_AntiKt2TrackAuxDyn.IP3D_weightUofTracks
     315.543 kb       82.413 kb        0.065 kb        0.000     1260  (B) EventInfoAuxDyn._SCT_BSErr_channel
   34733.568 kb       84.654 kb        0.067 kb        0.000     1260  (B) PixelClustersAuxDyn.bec
     251.674 kb       85.368 kb        0.068 kb        0.000     1260  (B) AntiKt4EMTopoJetsAuxDyn.TrackWidthPt500
     120.457 kb       86.863 kb        0.069 kb        0.000     1260  (B) BTagging_AntiKt4EMTopoAuxDyn.JetFitter_fittedPosition
     250.162 kb       87.018 kb        0.069 kb        0.000     1260  (B) AntiKt4EMTopoJetsAuxDyn.JVF
     251.422 kb       87.863 kb        0.070 kb        0.000     1260  (B) AntiKt4EMTopoJetsAuxDyn.SumPtTrkPt500
     150.688 kb       88.541 kb        0.070 kb        0.000     1260  (B) ElectronsAuxDyn.EgammaCovarianceMatrix
     145.792 kb       88.652 kb        0.070 kb        0.000     1260  (B) BTagging_AntiKt3TrackAuxDyn.IP3D_weightCofTracks
     145.792 kb       89.617 kb        0.071 kb        0.000     1260  (B) BTagging_AntiKt3TrackAuxDyn.IP3D_weightBofTracks
     145.792 kb       89.784 kb        0.071 kb        0.000     1260  (B) BTagging_AntiKt3TrackAuxDyn.IP3D_weightUofTracks
     497.889 kb       93.638 kb        0.074 kb        0.000     1260  (B) BTagging_AntiKt2TrackAuxDyn.IP2D_TrackParticleLinks
     497.889 kb       93.638 kb        0.074 kb        0.000     1260  (B) BTagging_AntiKt2TrackAuxDyn.IP3D_TrackParticleLinks
     541.350 kb       94.535 kb        0.075 kb        0.000     1260  (B) BTagging_AntiKt3TrackAuxDyn.IP2D_TrackParticleLinks
     541.350 kb       94.535 kb        0.075 kb        0.000     1260  (B) BTagging_AntiKt3TrackAuxDyn.IP3D_TrackParticleLinks
     106.886 kb       95.798 kb        0.076 kb        0.000     1260  (B) BTagging_AntiKt2TrackAuxDyn.MV2c100_discriminant
     106.783 kb       95.961 kb        0.076 kb        0.000     1260  (B) BTagging_AntiKt2TrackAuxDyn.MV2c10_discriminant
     106.783 kb       96.095 kb        0.076 kb        0.000     1260  (B) BTagging_AntiKt2TrackAuxDyn.MV2c20_discriminant
     106.783 kb       96.177 kb        0.076 kb        0.000     1260  (B) BTagging_AntiKt2TrackAuxDyn.MV2c00_discriminant
     692.692 kb      101.535 kb        0.081 kb        0.000     1260  (B) AntiKt4EMTopoJetsAuxDyn.GhostTrack
    6004.999 kb      102.679 kb        0.081 kb        0.000     2520  (T) DataHeaderForm
     134.771 kb      103.850 kb        0.082 kb        0.000     1260  (B) BTagging_AntiKt2TrackAuxDyn.IP2D_sigD0wrtPVofTracks
     134.771 kb      103.865 kb        0.082 kb        0.000     1260  (B) BTagging_AntiKt2TrackAuxDyn.IP3D_sigD0wrtPVofTracks
     115.378 kb      103.885 kb        0.082 kb        0.000     1260  (B) BTagging_AntiKt3TrackAuxDyn.MV2c100_discriminant
     134.771 kb      103.911 kb        0.082 kb        0.000     1260  (B) BTagging_AntiKt2TrackAuxDyn.IP3D_sigZ0wrtPVofTracks
     115.268 kb      104.047 kb        0.083 kb        0.000     1260  (B) BTagging_AntiKt3TrackAuxDyn.MV2c10_discriminant
     134.771 kb      104.246 kb        0.083 kb        0.000     1260  (B) BTagging_AntiKt2TrackAuxDyn.IP3D_valZ0wrtPVofTracks
     115.268 kb      104.274 kb        0.083 kb        0.000     1260  (B) BTagging_AntiKt3TrackAuxDyn.MV2c00_discriminant
     115.268 kb      104.347 kb        0.083 kb        0.000     1260  (B) BTagging_AntiKt3TrackAuxDyn.MV2c20_discriminant
     134.771 kb      104.413 kb        0.083 kb        0.000     1260  (B) BTagging_AntiKt2TrackAuxDyn.IP3D_valD0wrtPVofTracks
     134.771 kb      104.478 kb        0.083 kb        0.000     1260  (B) BTagging_AntiKt2TrackAuxDyn.IP2D_valD0wrtPVofTracks
    1266.107 kb      112.620 kb        0.089 kb        0.000        1  (B) _TRIGGER_HLT_Menu
     146.545 kb      113.617 kb        0.090 kb        0.000     1260  (B) BTagging_AntiKt3TrackAuxDyn.IP3D_sigD0wrtPVofTracks
     146.545 kb      113.713 kb        0.090 kb        0.000     1260  (B) BTagging_AntiKt3TrackAuxDyn.IP2D_sigD0wrtPVofTracks
     146.545 kb      113.758 kb        0.090 kb        0.000     1260  (B) BTagging_AntiKt3TrackAuxDyn.IP3D_sigZ0wrtPVofTracks
     146.545 kb      114.181 kb        0.091 kb        0.000     1260  (B) BTagging_AntiKt3TrackAuxDyn.IP3D_valZ0wrtPVofTracks
     146.545 kb      114.304 kb        0.091 kb        0.000     1260  (B) BTagging_AntiKt3TrackAuxDyn.IP2D_valD0wrtPVofTracks
     146.545 kb      114.335 kb        0.091 kb        0.000     1260  (B) BTagging_AntiKt3TrackAuxDyn.IP3D_valD0wrtPVofTracks
   34733.826 kb      114.561 kb        0.091 kb        0.000     1260  (B) PixelClustersAuxDyn.layer
     920.097 kb      121.879 kb        0.097 kb        0.000     1260  (B) ByteStreamEventInfo
    1003.111 kb      125.960 kb        0.100 kb        0.000     1260  (B) BTagging_AntiKt4EMTopoAuxDyn.BTagTrackToJetAssociator
     275.861 kb      154.545 kb        0.123 kb        0.000     1260  (B) BTagging_AntiKt2TrackAuxDyn.JetFitter_fittedCov
     296.588 kb      163.175 kb        0.130 kb        0.000     1260  (B) BTagging_AntiKt3TrackAuxDyn.JetFitter_fittedCov
     514.557 kb      178.700 kb        0.142 kb        0.000     1260  (B) AntiKt4EMTopoJetsAuxDyn.EnergyPerSampling
     277.115 kb      179.993 kb        0.143 kb        0.000     1260  (B) BTagging_AntiKt2TrackAuxDyn.JetFitter_fittedPosition
    2839.410 kb      181.604 kb        0.144 kb        0.000     1260  (B) InDetTrackParticlesAuxDyn.trackLink
     297.452 kb      189.865 kb        0.151 kb        0.000     1260  (B) BTagging_AntiKt3TrackAuxDyn.JetFitter_fittedPosition
     309.250 kb      195.396 kb        0.155 kb        0.000     1260  (B) MBTSContainer
    1238.311 kb      206.874 kb        0.164 kb        0.000        1  (B) _TRIGGER_HLT_Prescales
    2119.751 kb      224.265 kb        0.178 kb        0.000     1260  (B) BTagging_AntiKt2TrackAuxDyn.BTagTrackToJetAssociator
    2351.635 kb      234.575 kb        0.186 kb        0.000     1260  (B) BTagging_AntiKt4EMTopoAuxDyn.BTagTrackToJetAssociatorBB
    2447.187 kb      251.843 kb        0.200 kb        0.000     1260  (B) BTagging_AntiKt3TrackAuxDyn.BTagTrackToJetAssociator
    1463.928 kb      323.414 kb        0.257 kb        0.012     1260  (B) AntiKt4EMTopoJetsAux.
    1065.199 kb      370.042 kb        0.294 kb        0.016     1260  (B) AntiKt2PV0TrackJetsAux.
    4377.091 kb      405.459 kb        0.322 kb        0.000     1260  (B) BTagging_AntiKt2TrackAuxDyn.BTagTrackToJetAssociatorBB
    1296.684 kb      408.599 kb        0.324 kb        0.013     1260  (B) AntiKt3PV0TrackJetsAux.
    4861.542 kb      445.213 kb        0.353 kb        0.000     1260  (B) BTagging_AntiKt3TrackAuxDyn.BTagTrackToJetAssociatorBB
   13438.398 kb      477.668 kb        0.379 kb        0.004     1260  (B) xTrigDecisionAux.
     964.632 kb      545.676 kb        0.433 kb        0.100     1260  (B) EventInfoAux.
    8708.586 kb      550.110 kb        0.437 kb        0.000     1260  (B) PixelClustersAuxDyn.isFake
    1238.185 kb      609.480 kb        0.484 kb        0.035     1260  (B) BTagging_AntiKt4EMTopoAux.
    9267.770 kb      682.986 kb        0.542 kb        0.002        1  (B) TriggerMenuAux.
    8709.216 kb      691.186 kb        0.549 kb        0.000     1260  (B) PixelClustersAuxDyn.gangedPixel
    1654.666 kb      938.687 kb        0.745 kb        0.054     1260  (B) ElectronsAux.
    1941.038 kb     1057.223 kb        0.839 kb        0.023     1260  (B) BTagging_AntiKt2TrackAux.
   34734.471 kb     1063.918 kb        0.844 kb        0.000     1260  (B) PixelClustersAuxDyn.phi_module
    2065.085 kb     1113.638 kb        0.884 kb        0.021     1260  (B) BTagging_AntiKt3TrackAux.
    5581.667 kb     1542.240 kb        1.224 kb        0.000     1260  (B) PixelMSOSsAuxDyn.TrkIBLX
    5581.667 kb     1542.606 kb        1.224 kb        0.000     1260  (B) PixelMSOSsAuxDyn.TrkIBLY
    5581.667 kb     1600.832 kb        1.271 kb        0.000     1260  (B) PixelMSOSsAuxDyn.TrkIBLZ
    3852.568 kb     1950.902 kb        1.548 kb        0.054     1260  (B) MuonsAux.
    3646.561 kb     2242.554 kb        1.780 kb        0.049     1260  (B) GSFTrackParticlesAux.
   34734.471 kb     2316.069 kb        1.838 kb        0.000     1260  (B) PixelClustersAuxDyn.eta_module
   10029.825 kb     2366.956 kb        1.879 kb        0.003     1260  (B) PrimaryVerticesAux.
   34733.826 kb     3304.789 kb        2.623 kb        0.000     1260  (B) PixelClustersAuxDyn.sizeZ
   40265.606 kb     3523.796 kb        2.797 kb        0.000     1260  (B) InDetTrackParticlesAuxDyn.msosLink
   69439.791 kb     4400.109 kb        3.492 kb        0.000     1260  (B) PixelClustersAuxDyn.detectorElementID
   34734.084 kb     4432.029 kb        3.517 kb        0.000     1260  (B) PixelClustersAuxDyn.sizePhi
    8569.897 kb     4444.113 kb        3.527 kb        0.045     1260  (B) TauJetsAux.
   27056.805 kb     5150.870 kb        4.088 kb        0.000     1260  (B) HLTResult_HLT
   34733.697 kb     5192.616 kb        4.121 kb        0.000     1260  (B) PixelClustersAuxDyn.size
   34735.373 kb     5912.574 kb        4.693 kb        0.000     1260  (B) PixelClustersAuxDyn.splitProbability2
   32132.730 kb     6436.115 kb        5.108 kb        0.000     1260  (B) TrigNavigationAux.
   34735.373 kb     7642.769 kb        6.066 kb        0.000     1260  (B) PixelClustersAuxDyn.splitProbability1
   34733.568 kb     9669.160 kb        7.674 kb        0.000     1260  (B) PixelClustersAuxDyn.ToT
   34735.115 kb    11876.496 kb        9.426 kb        0.000     1260  (B) PixelClustersAuxDyn.eta_pixel_index
   34735.115 kb    14262.305 kb       11.319 kb        0.000     1260  (B) PixelClustersAuxDyn.phi_pixel_index
   34733.955 kb    24855.444 kb       19.727 kb        0.000     1260  (B) PixelClustersAuxDyn.charge
  115099.580 kb    27102.583 kb       21.510 kb        0.000     1260  (B) PixelClustersAuxDyn.rdo_tot
  133975.947 kb    32603.400 kb       25.876 kb        0.000     1260  (B) PixelClustersAuxDyn.rdo_eta_pixel_index
  133973.447 kb    39473.353 kb       31.328 kb        0.000     1260  (B) PixelClustersAuxDyn.rdo_Cterm
  133973.447 kb    40240.455 kb       31.937 kb        0.000     1260  (B) PixelClustersAuxDyn.rdo_Aterm
  133973.447 kb    41640.722 kb       33.048 kb        0.000     1260  (B) PixelClustersAuxDyn.rdo_Eterm
  133975.947 kb    41707.987 kb       33.102 kb        0.000     1260  (B) PixelClustersAuxDyn.rdo_phi_pixel_index
   76233.981 kb    41807.871 kb       33.181 kb        0.002     1260  (B) InDetTrackParticlesAux.
   92216.062 kb    65726.122 kb       52.164 kb        0.000     1260  (B) PixelMSOSsAux.
  133973.697 kb    88266.226 kb       70.053 kb        0.000     1260  (B) PixelClustersAuxDyn.rdo_charge
  580655.870 kb   266722.790 kb      211.685 kb        0.000     1260  (B) PixelClustersAux.
================================================================================
 2528850.783 kb   844319.709 kb      670.095 kb        0.000     1260  TOTAL (POOL containers)
================================================================================
## Bye.
